Determining if the include file pthread.h exists failed with the following output:
Change Dir: E:/New folder/0ad/libraries/source/nvtt/src/out/build/x64-Debug/CMakeFiles/CMakeTmp

Run Build Command(s):C:/Program Files (x86)/Microsoft Visual Studio/2019/Community/Common7/IDE/CommonExtensions/Microsoft/CMake/Ninja/ninja.exe cmTC_825ab && [1/2] Building C object CMakeFiles\cmTC_825ab.dir\CheckIncludeFile.c.obj
FAILED: CMakeFiles/cmTC_825ab.dir/CheckIncludeFile.c.obj 
C:\PROGRA~2\MICROS~3\2019\COMMUN~1\VC\Tools\MSVC\1429~1.301\bin\Hostx64\x64\cl.exe  /nologo   /DWIN32 /D_WINDOWS /W3  /MDd /Zi /Ob0 /Od /RTC1 /showIncludes /FoCMakeFiles\cmTC_825ab.dir\CheckIncludeFile.c.obj /FdCMakeFiles\cmTC_825ab.dir\ /FS -c CheckIncludeFile.c
CheckIncludeFile.c(1): fatal error C1083: Cannot open include file: 'pthread.h': No such file or directory
ninja: build stopped: subcommand failed.



Determining if files unistd.h exist failed with the following output:
Change Dir: E:/New folder/0ad/libraries/source/nvtt/src/out/build/x64-Debug/CMakeFiles/CMakeTmp

Run Build Command(s):C:/Program Files (x86)/Microsoft Visual Studio/2019/Community/Common7/IDE/CommonExtensions/Microsoft/CMake/Ninja/ninja.exe cmTC_582b0 && [1/2] Building C object CMakeFiles\cmTC_582b0.dir\HAVE_UNISTD_H.c.obj
FAILED: CMakeFiles/cmTC_582b0.dir/HAVE_UNISTD_H.c.obj 
C:\PROGRA~2\MICROS~3\2019\COMMUN~1\VC\Tools\MSVC\1429~1.301\bin\Hostx64\x64\cl.exe  /nologo   /DWIN32 /D_WINDOWS /W3  /MDd /Zi /Ob0 /Od /RTC1 /showIncludes /FoCMakeFiles\cmTC_582b0.dir\HAVE_UNISTD_H.c.obj /FdCMakeFiles\cmTC_582b0.dir\ /FS -c "E:\New folder\0ad\libraries\source\nvtt\src\out\build\x64-Debug\CMakeFiles\CheckIncludeFiles\HAVE_UNISTD_H.c"
E:\New folder\0ad\libraries\source\nvtt\src\out\build\x64-Debug\CMakeFiles\CheckIncludeFiles\HAVE_UNISTD_H.c(2): fatal error C1083: Cannot open include file: 'unistd.h': No such file or directory
ninja: build stopped: subcommand failed.


Source:
/* */
#include <unistd.h>


int main(void){return 0;}

Determining if files execinfo.h exist failed with the following output:
Change Dir: E:/New folder/0ad/libraries/source/nvtt/src/out/build/x64-Debug/CMakeFiles/CMakeTmp

Run Build Command(s):C:/Program Files (x86)/Microsoft Visual Studio/2019/Community/Common7/IDE/CommonExtensions/Microsoft/CMake/Ninja/ninja.exe cmTC_1dbc3 && [1/2] Building C object CMakeFiles\cmTC_1dbc3.dir\HAVE_EXECINFO_H.c.obj
FAILED: CMakeFiles/cmTC_1dbc3.dir/HAVE_EXECINFO_H.c.obj 
C:\PROGRA~2\MICROS~3\2019\COMMUN~1\VC\Tools\MSVC\1429~1.301\bin\Hostx64\x64\cl.exe  /nologo   /DWIN32 /D_WINDOWS /W3  /MDd /Zi /Ob0 /Od /RTC1 /showIncludes /FoCMakeFiles\cmTC_1dbc3.dir\HAVE_EXECINFO_H.c.obj /FdCMakeFiles\cmTC_1dbc3.dir\ /FS -c "E:\New folder\0ad\libraries\source\nvtt\src\out\build\x64-Debug\CMakeFiles\CheckIncludeFiles\HAVE_EXECINFO_H.c"
E:\New folder\0ad\libraries\source\nvtt\src\out\build\x64-Debug\CMakeFiles\CheckIncludeFiles\HAVE_EXECINFO_H.c(2): fatal error C1083: Cannot open include file: 'execinfo.h': No such file or directory
ninja: build stopped: subcommand failed.


Source:
/* */
#include <execinfo.h>


int main(void){return 0;}

Determining if files dispatch/dispatch.h exist failed with the following output:
Change Dir: E:/New folder/0ad/libraries/source/nvtt/src/out/build/x64-Debug/CMakeFiles/CMakeTmp

Run Build Command(s):C:/Program Files (x86)/Microsoft Visual Studio/2019/Community/Common7/IDE/CommonExtensions/Microsoft/CMake/Ninja/ninja.exe cmTC_b3ada && [1/2] Building C object CMakeFiles\cmTC_b3ada.dir\HAVE_DISPATCH_H.c.obj
FAILED: CMakeFiles/cmTC_b3ada.dir/HAVE_DISPATCH_H.c.obj 
C:\PROGRA~2\MICROS~3\2019\COMMUN~1\VC\Tools\MSVC\1429~1.301\bin\Hostx64\x64\cl.exe  /nologo   /DWIN32 /D_WINDOWS /W3  /MDd /Zi /Ob0 /Od /RTC1 /showIncludes /FoCMakeFiles\cmTC_b3ada.dir\HAVE_DISPATCH_H.c.obj /FdCMakeFiles\cmTC_b3ada.dir\ /FS -c "E:\New folder\0ad\libraries\source\nvtt\src\out\build\x64-Debug\CMakeFiles\CheckIncludeFiles\HAVE_DISPATCH_H.c"
E:\New folder\0ad\libraries\source\nvtt\src\out\build\x64-Debug\CMakeFiles\CheckIncludeFiles\HAVE_DISPATCH_H.c(2): fatal error C1083: Cannot open include file: 'dispatch/dispatch.h': No such file or directory
ninja: build stopped: subcommand failed.


Source:
/* */
#include <dispatch/dispatch.h>


int main(void){return 0;}

